# JRE version: OpenJDK Runtime Environment (17.0.6) (build 17.0.6+0-b2043.56-9586694)
# Java VM: OpenJDK 64-Bit Server VM (17.0.6+0-b2043.56-9586694, mixed mode, tiered, compressed oops, compressed class ptrs, g1 gc, windows-amd64)
GC Precious Log:
 CPUs: 4 total, 4 available
 Memory: 7990M
 Large Page Support: Disabled
 NUMA Support: Disabled
 Compressed Oops: Enabled (32-bit)
 Heap Region Size: 1M
 Heap Min Capacity: 8M
 Heap Initial Capacity: 126M
 Heap Max Capacity: 2G
 Pre-touch: Disabled
 Parallel Workers: 4
 Concurrent Workers: 1
 Concurrent Refinement Workers: 4
 Periodic GC: Disabled
Heap:
 garbage-first heap   total 286720K, used 187606K [0x0000000080000000, 0x0000000100000000)
  region size 1024K, 9 young (9216K), 5 survivors (5120K)
 Metaspace       used 104862K, committed 105600K, reserved 1146880K
  class space    used 14233K, committed 14592K, reserved 1048576K
GC Heap History (20 events):
Event: 70.523 GC heap before
{Heap before GC invocations=60 (full 0):
 garbage-first heap   total 215040K, used 162182K [0x0000000080000000, 0x0000000100000000)
  region size 1024K, 48 young (49152K), 7 survivors (7168K)
 Metaspace       used 83612K, committed 84224K, reserved 1130496K
  class space    used 11013K, committed 11264K, reserved 1048576K
}
Event: 70.534 GC heap after
{Heap after GC invocations=61 (full 0):
 garbage-first heap   total 215040K, used 118523K [0x0000000080000000, 0x0000000100000000)
  region size 1024K, 5 young (5120K), 5 survivors (5120K)
 Metaspace       used 83612K, committed 84224K, reserved 1130496K
  class space    used 11013K, committed 11264K, reserved 1048576K
}
Event: 71.115 GC heap before
{Heap before GC invocations=61 (full 0):
 garbage-first heap   total 215040K, used 132859K [0x0000000080000000, 0x0000000100000000)
  region size 1024K, 20 young (20480K), 5 survivors (5120K)
 Metaspace       used 84883K, committed 85504K, reserved 1130496K
  class space    used 11162K, committed 11456K, reserved 1048576K
}
Event: 71.121 GC heap after
{Heap after GC invocations=62 (full 0):
 garbage-first heap   total 215040K, used 118136K [0x0000000080000000, 0x0000000100000000)
  region size 1024K, 5 young (5120K), 5 survivors (5120K)
 Metaspace       used 84883K, committed 85504K, reserved 1130496K
  class space    used 11162K, committed 11456K, reserved 1048576K
}
Event: 73.353 GC heap before
{Heap before GC invocations=63 (full 0):
 garbage-first heap   total 215040K, used 145784K [0x0000000080000000, 0x0000000100000000)
  region size 1024K, 32 young (32768K), 5 survivors (5120K)
 Metaspace       used 87033K, committed 87680K, reserved 1130496K
  class space    used 11501K, committed 11840K, reserved 1048576K
}
Event: 73.360 GC heap after
{Heap after GC invocations=64 (full 0):
 garbage-first heap   total 215040K, used 118927K [0x0000000080000000, 0x0000000100000000)
  region size 1024K, 2 young (2048K), 2 survivors (2048K)
 Metaspace       used 87033K, committed 87680K, reserved 1130496K
  class space    used 11501K, committed 11840K, reserved 1048576K
}
Event: 75.254 GC heap before
{Heap before GC invocations=65 (full 0):
 garbage-first heap   total 215040K, used 174223K [0x0000000080000000, 0x0000000100000000)
  region size 1024K, 52 young (53248K), 2 survivors (2048K)
 Metaspace       used 92160K, committed 92864K, reserved 1130496K
  class space    used 12201K, committed 12544K, reserved 1048576K
}
Event: 75.264 GC heap after
{Heap after GC invocations=66 (full 0):
 garbage-first heap   total 215040K, used 126040K [0x0000000080000000, 0x0000000100000000)
  region size 1024K, 5 young (5120K), 5 survivors (5120K)
 Metaspace       used 92160K, committed 92864K, reserved 1130496K
  class space    used 12201K, committed 12544K, reserved 1048576K
}
Event: 77.052 GC heap before
{Heap before GC invocations=66 (full 0):
 garbage-first heap   total 215040K, used 174168K [0x0000000080000000, 0x0000000100000000)
  region size 1024K, 52 young (53248K), 5 survivors (5120K)
 Metaspace       used 93534K, committed 94208K, reserved 1138688K
  class space    used 12379K, committed 12736K, reserved 1048576K
}
Event: 77.065 GC heap after
{Heap after GC invocations=67 (full 0):
 garbage-first heap   total 215040K, used 128774K [0x0000000080000000, 0x0000000100000000)
  region size 1024K, 6 young (6144K), 6 survivors (6144K)
 Metaspace       used 93534K, committed 94208K, reserved 1138688K
  class space    used 12379K, committed 12736K, reserved 1048576K
}
Event: 78.689 GC heap before
{Heap before GC invocations=68 (full 0):
 garbage-first heap   total 225280K, used 176902K [0x0000000080000000, 0x0000000100000000)
  region size 1024K, 53 young (54272K), 6 survivors (6144K)
 Metaspace       used 95621K, committed 96384K, reserved 1138688K
  class space    used 12688K, committed 13056K, reserved 1048576K
}
Event: 78.701 GC heap after
{Heap after GC invocations=69 (full 0):
 garbage-first heap   total 225280K, used 132179K [0x0000000080000000, 0x0000000100000000)
  region size 1024K, 6 young (6144K), 6 survivors (6144K)
 Metaspace       used 95621K, committed 96384K, reserved 1138688K
  class space    used 12688K, committed 13056K, reserved 1048576K
}
Event: 80.908 GC heap before
{Heap before GC invocations=69 (full 0):
 garbage-first heap   total 225280K, used 185427K [0x0000000080000000, 0x0000000100000000)
  region size 1024K, 58 young (59392K), 6 survivors (6144K)
 Metaspace       used 99767K, committed 100480K, reserved 1138688K
  class space    used 13445K, committed 13760K, reserved 1048576K
}
Event: 80.920 GC heap after
{Heap after GC invocations=70 (full 0):
 garbage-first heap   total 225280K, used 134312K [0x0000000080000000, 0x0000000100000000)
  region size 1024K, 6 young (6144K), 6 survivors (6144K)
 Metaspace       used 99767K, committed 100480K, reserved 1138688K
  class space    used 13445K, committed 13760K, reserved 1048576K
}
Event: 82.334 GC heap before
{Heap before GC invocations=71 (full 0):
 garbage-first heap   total 232448K, used 164008K [0x0000000080000000, 0x0000000100000000)
  region size 1024K, 36 young (36864K), 6 survivors (6144K)
 Metaspace       used 102188K, committed 102912K, reserved 1138688K
  class space    used 13799K, committed 14144K, reserved 1048576K
}
Event: 82.349 GC heap after
{Heap after GC invocations=72 (full 0):
 garbage-first heap   total 232448K, used 137075K [0x0000000080000000, 0x0000000100000000)
  region size 1024K, 5 young (5120K), 5 survivors (5120K)
 Metaspace       used 102188K, committed 102912K, reserved 1138688K
  class space    used 13799K, committed 14144K, reserved 1048576K
}
Event: 82.688 GC heap before
{Heap before GC invocations=73 (full 0):
 garbage-first heap   total 249856K, used 160627K [0x0000000080000000, 0x0000000100000000)
  region size 1024K, 8 young (8192K), 5 survivors (5120K)
 Metaspace       used 102154K, committed 102912K, reserved 1138688K
  class space    used 13789K, committed 14144K, reserved 1048576K
}
Event: 82.697 GC heap after
{Heap after GC invocations=74 (full 0):
 garbage-first heap   total 249856K, used 161995K [0x0000000080000000, 0x0000000100000000)
  region size 1024K, 6 young (6144K), 6 survivors (6144K)
 Metaspace       used 102154K, committed 102912K, reserved 1138688K
  class space    used 13789K, committed 14144K, reserved 1048576K
}
Event: 85.256 GC heap before
{Heap before GC invocations=75 (full 0):
 garbage-first heap   total 286720K, used 192715K [0x0000000080000000, 0x0000000100000000)
  region size 1024K, 31 young (31744K), 6 survivors (6144K)
 Metaspace       used 104340K, committed 105088K, reserved 1146880K
  class space    used 14171K, committed 14528K, reserved 1048576K
}
Event: 85.294 GC heap after
{Heap after GC invocations=76 (full 0):
 garbage-first heap   total 286720K, used 172246K [0x0000000080000000, 0x0000000100000000)
  region size 1024K, 5 young (5120K), 5 survivors (5120K)
 Metaspace       used 104340K, committed 105088K, reserved 1146880K
  class space    used 14171K, committed 14528K, reserved 1048576K
}

