# JRE version: OpenJDK Runtime Environment (17.0.6) (build 17.0.6+0-b2043.56-9586694)
# Java VM: OpenJDK 64-Bit Server VM (17.0.6+0-b2043.56-9586694, mixed mode, tiered, compressed oops, compressed class ptrs, g1 gc, windows-amd64)
GC Precious Log:
 CPUs: 4 total, 4 available
 Memory: 7990M
 Large Page Support: Disabled
 NUMA Support: Disabled
 Compressed Oops: Enabled (32-bit)
 Heap Region Size: 1M
 Heap Min Capacity: 8M
 Heap Initial Capacity: 126M
 Heap Max Capacity: 2G
 Pre-touch: Disabled
 Parallel Workers: 4
 Concurrent Workers: 1
 Concurrent Refinement Workers: 4
 Periodic GC: Disabled
Heap:
 garbage-first heap   total 201728K, used 95077K [0x0000000080000000, 0x0000000100000000)
  region size 1024K, 5 young (5120K), 5 survivors (5120K)
 Metaspace       used 48471K, committed 48896K, reserved 1097728K
  class space    used 6389K, committed 6592K, reserved 1048576K
GC Heap History (20 events):
Event: 69.913 GC heap after
{Heap after GC invocations=77 (full 0):
 garbage-first heap   total 163840K, used 91060K [0x0000000080000000, 0x0000000100000000)
  region size 1024K, 5 young (5120K), 5 survivors (5120K)
 Metaspace       used 48469K, committed 48896K, reserved 1097728K
  class space    used 6389K, committed 6592K, reserved 1048576K
}
Event: 70.288 GC heap before
{Heap before GC invocations=78 (full 0):
 garbage-first heap   total 179200K, used 139188K [0x0000000080000000, 0x0000000100000000)
  region size 1024K, 52 young (53248K), 5 survivors (5120K)
 Metaspace       used 48469K, committed 48896K, reserved 1097728K
  class space    used 6389K, committed 6592K, reserved 1048576K
}
Event: 70.292 GC heap after
{Heap after GC invocations=79 (full 0):
 garbage-first heap   total 179200K, used 91405K [0x0000000080000000, 0x0000000100000000)
  region size 1024K, 4 young (4096K), 4 survivors (4096K)
 Metaspace       used 48469K, committed 48896K, reserved 1097728K
  class space    used 6389K, committed 6592K, reserved 1048576K
}
Event: 70.796 GC heap before
{Heap before GC invocations=79 (full 0):
 garbage-first heap   total 179200K, used 155917K [0x0000000080000000, 0x0000000100000000)
  region size 1024K, 67 young (68608K), 4 survivors (4096K)
 Metaspace       used 48470K, committed 48896K, reserved 1097728K
  class space    used 6389K, committed 6592K, reserved 1048576K
}
Event: 70.800 GC heap after
{Heap after GC invocations=80 (full 0):
 garbage-first heap   total 179200K, used 91753K [0x0000000080000000, 0x0000000100000000)
  region size 1024K, 5 young (5120K), 5 survivors (5120K)
 Metaspace       used 48470K, committed 48896K, reserved 1097728K
  class space    used 6389K, committed 6592K, reserved 1048576K
}
Event: 71.299 GC heap before
{Heap before GC invocations=81 (full 0):
 garbage-first heap   total 179200K, used 154217K [0x0000000080000000, 0x0000000100000000)
  region size 1024K, 66 young (67584K), 5 survivors (5120K)
 Metaspace       used 48470K, committed 48896K, reserved 1097728K
  class space    used 6389K, committed 6592K, reserved 1048576K
}
Event: 71.303 GC heap after
{Heap after GC invocations=82 (full 0):
 garbage-first heap   total 179200K, used 92148K [0x0000000080000000, 0x0000000100000000)
  region size 1024K, 5 young (5120K), 5 survivors (5120K)
 Metaspace       used 48470K, committed 48896K, reserved 1097728K
  class space    used 6389K, committed 6592K, reserved 1048576K
}
Event: 71.734 GC heap before
{Heap before GC invocations=82 (full 0):
 garbage-first heap   total 179200K, used 154612K [0x0000000080000000, 0x0000000100000000)
  region size 1024K, 66 young (67584K), 5 survivors (5120K)
 Metaspace       used 48470K, committed 48896K, reserved 1097728K
  class space    used 6389K, committed 6592K, reserved 1048576K
}
Event: 71.739 GC heap after
{Heap after GC invocations=83 (full 0):
 garbage-first heap   total 179200K, used 92844K [0x0000000080000000, 0x0000000100000000)
  region size 1024K, 6 young (6144K), 6 survivors (6144K)
 Metaspace       used 48470K, committed 48896K, reserved 1097728K
  class space    used 6389K, committed 6592K, reserved 1048576K
}
Event: 72.133 GC heap before
{Heap before GC invocations=84 (full 0):
 garbage-first heap   total 179200K, used 153260K [0x0000000080000000, 0x0000000100000000)
  region size 1024K, 65 young (66560K), 6 survivors (6144K)
 Metaspace       used 48471K, committed 48896K, reserved 1097728K
  class space    used 6389K, committed 6592K, reserved 1048576K
}
Event: 72.138 GC heap after
{Heap after GC invocations=85 (full 0):
 garbage-first heap   total 179200K, used 93491K [0x0000000080000000, 0x0000000100000000)
  region size 1024K, 6 young (6144K), 6 survivors (6144K)
 Metaspace       used 48471K, committed 48896K, reserved 1097728K
  class space    used 6389K, committed 6592K, reserved 1048576K
}
Event: 72.420 GC heap before
{Heap before GC invocations=85 (full 0):
 garbage-first heap   total 179200K, used 129331K [0x0000000080000000, 0x0000000100000000)
  region size 1024K, 42 young (43008K), 6 survivors (6144K)
 Metaspace       used 48471K, committed 48896K, reserved 1097728K
  class space    used 6389K, committed 6592K, reserved 1048576K
}
Event: 72.426 GC heap after
{Heap after GC invocations=86 (full 0):
 garbage-first heap   total 179200K, used 94024K [0x0000000080000000, 0x0000000100000000)
  region size 1024K, 5 young (5120K), 5 survivors (5120K)
 Metaspace       used 48471K, committed 48896K, reserved 1097728K
  class space    used 6389K, committed 6592K, reserved 1048576K
}
Event: 72.596 GC heap before
{Heap before GC invocations=87 (full 0):
 garbage-first heap   total 201728K, used 127816K [0x0000000080000000, 0x0000000100000000)
  region size 1024K, 35 young (35840K), 5 survivors (5120K)
 Metaspace       used 48471K, committed 48896K, reserved 1097728K
  class space    used 6389K, committed 6592K, reserved 1048576K
}
Event: 72.601 GC heap after
{Heap after GC invocations=88 (full 0):
 garbage-first heap   total 201728K, used 94199K [0x0000000080000000, 0x0000000100000000)
  region size 1024K, 5 young (5120K), 5 survivors (5120K)
 Metaspace       used 48471K, committed 48896K, reserved 1097728K
  class space    used 6389K, committed 6592K, reserved 1048576K
}
Event: 72.607 GC heap before
{Heap before GC invocations=88 (full 0):
 garbage-first heap   total 201728K, used 95223K [0x0000000080000000, 0x0000000100000000)
  region size 1024K, 7 young (7168K), 5 survivors (5120K)
 Metaspace       used 48471K, committed 48896K, reserved 1097728K
  class space    used 6389K, committed 6592K, reserved 1048576K
}
Event: 72.611 GC heap after
{Heap after GC invocations=89 (full 0):
 garbage-first heap   total 201728K, used 96044K [0x0000000080000000, 0x0000000100000000)
  region size 1024K, 6 young (6144K), 6 survivors (6144K)
 Metaspace       used 48471K, committed 48896K, reserved 1097728K
  class space    used 6389K, committed 6592K, reserved 1048576K
}
Event: 72.979 GC heap before
{Heap before GC invocations=90 (full 0):
 garbage-first heap   total 201728K, used 153388K [0x0000000080000000, 0x0000000100000000)
  region size 1024K, 59 young (60416K), 6 survivors (6144K)
 Metaspace       used 48471K, committed 48896K, reserved 1097728K
  class space    used 6389K, committed 6592K, reserved 1048576K
}
Event: 72.983 GC heap after
{Heap after GC invocations=91 (full 0):
 garbage-first heap   total 201728K, used 94700K [0x0000000080000000, 0x0000000100000000)
  region size 1024K, 4 young (4096K), 4 survivors (4096K)
 Metaspace       used 48471K, committed 48896K, reserved 1097728K
  class space    used 6389K, committed 6592K, reserved 1048576K
}
Event: 73.424 GC heap before
{Heap before GC invocations=91 (full 0):
 garbage-first heap   total 201728K, used 155116K [0x0000000080000000, 0x0000000100000000)
  region size 1024K, 63 young (64512K), 4 survivors (4096K)
 Metaspace       used 48471K, committed 48896K, reserved 1097728K
  class space    used 6389K, committed 6592K, reserved 1048576K
}

