# JRE version: OpenJDK Runtime Environment (17.0.6) (build 17.0.6+0-b2043.56-9586694)
# Java VM: OpenJDK 64-Bit Server VM (17.0.6+0-b2043.56-9586694, mixed mode, tiered, compressed oops, compressed class ptrs, g1 gc, windows-amd64)
GC Precious Log:
 CPUs: 4 total, 4 available
 Memory: 7990M
 Large Page Support: Disabled
 NUMA Support: Disabled
 Compressed Oops: Enabled (32-bit)
 Heap Region Size: 1M
 Heap Min Capacity: 8M
 Heap Initial Capacity: 126M
 Heap Max Capacity: 2G
 Pre-touch: Disabled
 Parallel Workers: 4
 Concurrent Workers: 1
 Concurrent Refinement Workers: 4
 Periodic GC: Disabled
Heap:
 garbage-first heap   total 285696K, used 92567K [0x0000000080000000, 0x0000000100000000)
  region size 1024K, 2 young (2048K), 2 survivors (2048K)
 Metaspace       used 54186K, committed 54656K, reserved 1097728K
  class space    used 7183K, committed 7424K, reserved 1048576K
GC Heap History (20 events):
Event: 76.766 GC heap after
{Heap after GC invocations=84 (full 0):
 garbage-first heap   total 285696K, used 92651K [0x0000000080000000, 0x0000000100000000)
  region size 1024K, 13 young (13312K), 13 survivors (13312K)
 Metaspace       used 54178K, committed 54656K, reserved 1097728K
  class space    used 7182K, committed 7424K, reserved 1048576K
}
Event: 77.278 GC heap before
{Heap before GC invocations=84 (full 0):
 garbage-first heap   total 285696K, used 243179K [0x0000000080000000, 0x0000000100000000)
  region size 1024K, 160 young (163840K), 13 survivors (13312K)
 Metaspace       used 54180K, committed 54656K, reserved 1097728K
  class space    used 7182K, committed 7424K, reserved 1048576K
}
Event: 77.288 GC heap after
{Heap after GC invocations=85 (full 0):
 garbage-first heap   total 285696K, used 93247K [0x0000000080000000, 0x0000000100000000)
  region size 1024K, 12 young (12288K), 12 survivors (12288K)
 Metaspace       used 54180K, committed 54656K, reserved 1097728K
  class space    used 7182K, committed 7424K, reserved 1048576K
}
Event: 77.816 GC heap before
{Heap before GC invocations=86 (full 0):
 garbage-first heap   total 285696K, used 243775K [0x0000000080000000, 0x0000000100000000)
  region size 1024K, 159 young (162816K), 12 survivors (12288K)
 Metaspace       used 54180K, committed 54656K, reserved 1097728K
  class space    used 7182K, committed 7424K, reserved 1048576K
}
Event: 77.830 GC heap after
{Heap after GC invocations=87 (full 0):
 garbage-first heap   total 285696K, used 94567K [0x0000000080000000, 0x0000000100000000)
  region size 1024K, 12 young (12288K), 12 survivors (12288K)
 Metaspace       used 54180K, committed 54656K, reserved 1097728K
  class space    used 7182K, committed 7424K, reserved 1048576K
}
Event: 78.681 GC heap before
{Heap before GC invocations=87 (full 0):
 garbage-first heap   total 285696K, used 244071K [0x0000000080000000, 0x0000000100000000)
  region size 1024K, 158 young (161792K), 12 survivors (12288K)
 Metaspace       used 54180K, committed 54656K, reserved 1097728K
  class space    used 7182K, committed 7424K, reserved 1048576K
}
Event: 78.692 GC heap after
{Heap after GC invocations=88 (full 0):
 garbage-first heap   total 285696K, used 96921K [0x0000000080000000, 0x0000000100000000)
  region size 1024K, 13 young (13312K), 13 survivors (13312K)
 Metaspace       used 54180K, committed 54656K, reserved 1097728K
  class space    used 7182K, committed 7424K, reserved 1048576K
}
Event: 79.008 GC heap before
{Heap before GC invocations=89 (full 0):
 garbage-first heap   total 285696K, used 242329K [0x0000000080000000, 0x0000000100000000)
  region size 1024K, 155 young (158720K), 13 survivors (13312K)
 Metaspace       used 54180K, committed 54656K, reserved 1097728K
  class space    used 7182K, committed 7424K, reserved 1048576K
}
Event: 79.019 GC heap after
{Heap after GC invocations=90 (full 0):
 garbage-first heap   total 285696K, used 98262K [0x0000000080000000, 0x0000000100000000)
  region size 1024K, 12 young (12288K), 12 survivors (12288K)
 Metaspace       used 54180K, committed 54656K, reserved 1097728K
  class space    used 7182K, committed 7424K, reserved 1048576K
}
Event: 79.537 GC heap before
{Heap before GC invocations=90 (full 0):
 garbage-first heap   total 285696K, used 243670K [0x0000000080000000, 0x0000000100000000)
  region size 1024K, 154 young (157696K), 12 survivors (12288K)
 Metaspace       used 54183K, committed 54656K, reserved 1097728K
  class space    used 7183K, committed 7424K, reserved 1048576K
}
Event: 79.547 GC heap after
{Heap after GC invocations=91 (full 0):
 garbage-first heap   total 285696K, used 99501K [0x0000000080000000, 0x0000000100000000)
  region size 1024K, 12 young (12288K), 12 survivors (12288K)
 Metaspace       used 54183K, committed 54656K, reserved 1097728K
  class space    used 7183K, committed 7424K, reserved 1048576K
}
Event: 79.981 GC heap before
{Heap before GC invocations=92 (full 0):
 garbage-first heap   total 285696K, used 243885K [0x0000000080000000, 0x0000000100000000)
  region size 1024K, 153 young (156672K), 12 survivors (12288K)
 Metaspace       used 54183K, committed 54656K, reserved 1097728K
  class space    used 7183K, committed 7424K, reserved 1048576K
}
Event: 79.990 GC heap after
{Heap after GC invocations=93 (full 0):
 garbage-first heap   total 285696K, used 98304K [0x0000000080000000, 0x0000000100000000)
  region size 1024K, 12 young (12288K), 12 survivors (12288K)
 Metaspace       used 54183K, committed 54656K, reserved 1097728K
  class space    used 7183K, committed 7424K, reserved 1048576K
}
Event: 80.393 GC heap before
{Heap before GC invocations=93 (full 0):
 garbage-first heap   total 285696K, used 244736K [0x0000000080000000, 0x0000000100000000)
  region size 1024K, 155 young (158720K), 12 survivors (12288K)
 Metaspace       used 54184K, committed 54656K, reserved 1097728K
  class space    used 7183K, committed 7424K, reserved 1048576K
}
Event: 80.400 GC heap after
{Heap after GC invocations=94 (full 0):
 garbage-first heap   total 285696K, used 96256K [0x0000000080000000, 0x0000000100000000)
  region size 1024K, 9 young (9216K), 9 survivors (9216K)
 Metaspace       used 54184K, committed 54656K, reserved 1097728K
  class space    used 7183K, committed 7424K, reserved 1048576K
}
Event: 81.241 GC heap before
{Heap before GC invocations=95 (full 0):
 garbage-first heap   total 285696K, used 247808K [0x0000000080000000, 0x0000000100000000)
  region size 1024K, 157 young (160768K), 9 survivors (9216K)
 Metaspace       used 54185K, committed 54656K, reserved 1097728K
  class space    used 7183K, committed 7424K, reserved 1048576K
}
Event: 81.250 GC heap after
{Heap after GC invocations=96 (full 0):
 garbage-first heap   total 285696K, used 93457K [0x0000000080000000, 0x0000000100000000)
  region size 1024K, 10 young (10240K), 10 survivors (10240K)
 Metaspace       used 54185K, committed 54656K, reserved 1097728K
  class space    used 7183K, committed 7424K, reserved 1048576K
}
Event: 81.256 GC heap before
{Heap before GC invocations=96 (full 0):
 garbage-first heap   total 285696K, used 96529K [0x0000000080000000, 0x0000000100000000)
  region size 1024K, 13 young (13312K), 10 survivors (10240K)
 Metaspace       used 54185K, committed 54656K, reserved 1097728K
  class space    used 7183K, committed 7424K, reserved 1048576K
}
Event: 81.264 GC heap after
{Heap after GC invocations=97 (full 0):
 garbage-first heap   total 285696K, used 92027K [0x0000000080000000, 0x0000000100000000)
  region size 1024K, 1 young (1024K), 1 survivors (1024K)
 Metaspace       used 54185K, committed 54656K, reserved 1097728K
  class space    used 7183K, committed 7424K, reserved 1048576K
}
Event: 82.128 GC heap before
{Heap before GC invocations=97 (full 0):
 garbage-first heap   total 285696K, used 251771K [0x0000000080000000, 0x0000000100000000)
  region size 1024K, 157 young (160768K), 1 survivors (1024K)
 Metaspace       used 54186K, committed 54656K, reserved 1097728K
  class space    used 7183K, committed 7424K, reserved 1048576K
}

