# JRE version: OpenJDK Runtime Environment (17.0.6) (build 17.0.6+0-b2043.56-9586694)
# Java VM: OpenJDK 64-Bit Server VM (17.0.6+0-b2043.56-9586694, mixed mode, tiered, compressed oops, compressed class ptrs, g1 gc, windows-amd64)
GC Precious Log:
 CPUs: 4 total, 4 available
 Memory: 7990M
 Large Page Support: Disabled
 NUMA Support: Disabled
 Compressed Oops: Enabled (32-bit)
 Heap Region Size: 1M
 Heap Min Capacity: 8M
 Heap Initial Capacity: 126M
 Heap Max Capacity: 2G
 Pre-touch: Disabled
 Parallel Workers: 4
 Concurrent Workers: 1
 Concurrent Refinement Workers: 4
 Periodic GC: Disabled
Heap:
 garbage-first heap   total 315392K, used 165544K [0x0000000080000000, 0x0000000100000000)
  region size 1024K, 44 young (45056K), 11 survivors (11264K)
 Metaspace       used 82358K, committed 83072K, reserved 1122304K
  class space    used 10662K, committed 11008K, reserved 1048576K
GC Heap History (20 events):
Event: 183.288 GC heap before
{Heap before GC invocations=157 (full 0):
 garbage-first heap   total 315392K, used 271355K [0x0000000080000000, 0x0000000100000000)
  region size 1024K, 154 young (157696K), 11 survivors (11264K)
 Metaspace       used 73636K, committed 74240K, reserved 1114112K
  class space    used 9475K, committed 9728K, reserved 1048576K
}
Event: 183.295 GC heap after
{Heap after GC invocations=158 (full 0):
 garbage-first heap   total 315392K, used 125792K [0x0000000080000000, 0x0000000100000000)
  region size 1024K, 11 young (11264K), 11 survivors (11264K)
 Metaspace       used 73636K, committed 74240K, reserved 1114112K
  class space    used 9475K, committed 9728K, reserved 1048576K
}
Event: 184.691 GC heap before
{Heap before GC invocations=158 (full 0):
 garbage-first heap   total 315392K, used 272224K [0x0000000080000000, 0x0000000100000000)
  region size 1024K, 153 young (156672K), 11 survivors (11264K)
 Metaspace       used 73642K, committed 74240K, reserved 1114112K
  class space    used 9477K, committed 9728K, reserved 1048576K
}
Event: 184.693 GC heap after
{Heap after GC invocations=159 (full 0):
 garbage-first heap   total 315392K, used 113615K [0x0000000080000000, 0x0000000100000000)
  region size 1024K, 2 young (2048K), 2 survivors (2048K)
 Metaspace       used 73642K, committed 74240K, reserved 1114112K
  class space    used 9477K, committed 9728K, reserved 1048576K
}
Event: 189.355 GC heap before
{Heap before GC invocations=159 (full 0):
 garbage-first heap   total 315392K, used 281551K [0x0000000080000000, 0x0000000100000000)
  region size 1024K, 164 young (167936K), 2 survivors (2048K)
 Metaspace       used 73642K, committed 74240K, reserved 1114112K
  class space    used 9477K, committed 9728K, reserved 1048576K
}
Event: 189.359 GC heap after
{Heap after GC invocations=160 (full 0):
 garbage-first heap   total 315392K, used 111773K [0x0000000080000000, 0x0000000100000000)
  region size 1024K, 2 young (2048K), 2 survivors (2048K)
 Metaspace       used 73642K, committed 74240K, reserved 1114112K
  class space    used 9477K, committed 9728K, reserved 1048576K
}
Event: 190.602 GC heap before
{Heap before GC invocations=160 (full 0):
 garbage-first heap   total 315392K, used 279709K [0x0000000080000000, 0x0000000100000000)
  region size 1024K, 165 young (168960K), 2 survivors (2048K)
 Metaspace       used 73642K, committed 74240K, reserved 1114112K
  class space    used 9477K, committed 9728K, reserved 1048576K
}
Event: 190.605 GC heap after
{Heap after GC invocations=161 (full 0):
 garbage-first heap   total 315392K, used 113228K [0x0000000080000000, 0x0000000100000000)
  region size 1024K, 2 young (2048K), 2 survivors (2048K)
 Metaspace       used 73642K, committed 74240K, reserved 1114112K
  class space    used 9477K, committed 9728K, reserved 1048576K
}
Event: 192.123 GC heap before
{Heap before GC invocations=161 (full 0):
 garbage-first heap   total 315392K, used 279116K [0x0000000080000000, 0x0000000100000000)
  region size 1024K, 164 young (167936K), 2 survivors (2048K)
 Metaspace       used 73660K, committed 74240K, reserved 1114112K
  class space    used 9477K, committed 9728K, reserved 1048576K
}
Event: 192.126 GC heap after
{Heap after GC invocations=162 (full 0):
 garbage-first heap   total 315392K, used 111616K [0x0000000080000000, 0x0000000100000000)
  region size 1024K, 1 young (1024K), 1 survivors (1024K)
 Metaspace       used 73660K, committed 74240K, reserved 1114112K
  class space    used 9477K, committed 9728K, reserved 1048576K
}
Event: 193.485 GC heap before
{Heap before GC invocations=162 (full 0):
 garbage-first heap   total 315392K, used 283648K [0x0000000080000000, 0x0000000100000000)
  region size 1024K, 165 young (168960K), 1 survivors (1024K)
 Metaspace       used 73660K, committed 74240K, reserved 1114112K
  class space    used 9477K, committed 9728K, reserved 1048576K
}
Event: 193.488 GC heap after
{Heap after GC invocations=163 (full 0):
 garbage-first heap   total 315392K, used 117204K [0x0000000080000000, 0x0000000100000000)
  region size 1024K, 3 young (3072K), 3 survivors (3072K)
 Metaspace       used 73660K, committed 74240K, reserved 1114112K
  class space    used 9477K, committed 9728K, reserved 1048576K
}
Event: 194.797 GC heap before
{Heap before GC invocations=163 (full 0):
 garbage-first heap   total 315392K, used 277972K [0x0000000080000000, 0x0000000100000000)
  region size 1024K, 160 young (163840K), 3 survivors (3072K)
 Metaspace       used 73660K, committed 74240K, reserved 1114112K
  class space    used 9477K, committed 9728K, reserved 1048576K
}
Event: 194.802 GC heap after
{Heap after GC invocations=164 (full 0):
 garbage-first heap   total 315392K, used 119473K [0x0000000080000000, 0x0000000100000000)
  region size 1024K, 5 young (5120K), 5 survivors (5120K)
 Metaspace       used 73660K, committed 74240K, reserved 1114112K
  class space    used 9477K, committed 9728K, reserved 1048576K
}
Event: 195.895 GC heap before
{Heap before GC invocations=164 (full 0):
 garbage-first heap   total 315392K, used 277169K [0x0000000080000000, 0x0000000100000000)
  region size 1024K, 159 young (162816K), 5 survivors (5120K)
 Metaspace       used 73661K, committed 74240K, reserved 1114112K
  class space    used 9477K, committed 9728K, reserved 1048576K
}
Event: 195.898 GC heap after
{Heap after GC invocations=165 (full 0):
 garbage-first heap   total 315392K, used 111767K [0x0000000080000000, 0x0000000100000000)
  region size 1024K, 1 young (1024K), 1 survivors (1024K)
 Metaspace       used 73661K, committed 74240K, reserved 1114112K
  class space    used 9477K, committed 9728K, reserved 1048576K
}
Event: 197.093 GC heap before
{Heap before GC invocations=165 (full 0):
 garbage-first heap   total 315392K, used 278679K [0x0000000080000000, 0x0000000100000000)
  region size 1024K, 164 young (167936K), 1 survivors (1024K)
 Metaspace       used 73661K, committed 74240K, reserved 1114112K
  class space    used 9477K, committed 9728K, reserved 1048576K
}
Event: 197.096 GC heap after
{Heap after GC invocations=166 (full 0):
 garbage-first heap   total 315392K, used 111677K [0x0000000080000000, 0x0000000100000000)
  region size 1024K, 1 young (1024K), 1 survivors (1024K)
 Metaspace       used 73661K, committed 74240K, reserved 1114112K
  class space    used 9477K, committed 9728K, reserved 1048576K
}
Event: 204.455 GC heap before
{Heap before GC invocations=166 (full 0):
 garbage-first heap   total 315392K, used 290877K [0x0000000080000000, 0x0000000100000000)
  region size 1024K, 165 young (168960K), 1 survivors (1024K)
 Metaspace       used 78007K, committed 78720K, reserved 1122304K
  class space    used 10056K, committed 10368K, reserved 1048576K
}
Event: 204.494 GC heap after
{Heap after GC invocations=167 (full 0):
 garbage-first heap   total 315392K, used 132776K [0x0000000080000000, 0x0000000100000000)
  region size 1024K, 11 young (11264K), 11 survivors (11264K)
 Metaspace       used 78007K, committed 78720K, reserved 1122304K
  class space    used 10056K, committed 10368K, reserved 1048576K
}

