# JRE version: OpenJDK Runtime Environment (17.0.6) (build 17.0.6+0-b2043.56-9586694)
# Java VM: OpenJDK 64-Bit Server VM (17.0.6+0-b2043.56-9586694, mixed mode, tiered, compressed oops, compressed class ptrs, g1 gc, windows-amd64)
GC Precious Log:
 CPUs: 4 total, 4 available
 Memory: 7990M
 Large Page Support: Disabled
 NUMA Support: Disabled
 Compressed Oops: Enabled (32-bit)
 Heap Region Size: 1M
 Heap Min Capacity: 8M
 Heap Initial Capacity: 126M
 Heap Max Capacity: 2G
 Pre-touch: Disabled
 Parallel Workers: 4
 Concurrent Workers: 1
 Concurrent Refinement Workers: 4
 Periodic GC: Disabled
Heap:
 garbage-first heap   total 280576K, used 180510K [0x0000000080000000, 0x0000000100000000)
  region size 1024K, 6 young (6144K), 3 survivors (3072K)
 Metaspace       used 88883K, committed 89600K, reserved 1130496K
  class space    used 11981K, committed 12288K, reserved 1048576K
GC Heap History (20 events):
Event: 49.059 GC heap before
{Heap before GC invocations=42 (full 0):
 garbage-first heap   total 214016K, used 156967K [0x0000000080000000, 0x0000000100000000)
  region size 1024K, 31 young (31744K), 2 survivors (2048K)
 Metaspace       used 66247K, committed 66880K, reserved 1114112K
  class space    used 8797K, committed 9088K, reserved 1048576K
}
Event: 49.065 GC heap after
{Heap after GC invocations=43 (full 0):
 garbage-first heap   total 214016K, used 124550K [0x0000000080000000, 0x0000000100000000)
  region size 1024K, 4 young (4096K), 4 survivors (4096K)
 Metaspace       used 66247K, committed 66880K, reserved 1114112K
  class space    used 8797K, committed 9088K, reserved 1048576K
}
Event: 49.238 GC heap before
{Heap before GC invocations=43 (full 0):
 garbage-first heap   total 214016K, used 130694K [0x0000000080000000, 0x0000000100000000)
  region size 1024K, 10 young (10240K), 4 survivors (4096K)
 Metaspace       used 66915K, committed 67520K, reserved 1114112K
  class space    used 8876K, committed 9152K, reserved 1048576K
}
Event: 49.243 GC heap after
{Heap after GC invocations=44 (full 0):
 garbage-first heap   total 214016K, used 125324K [0x0000000080000000, 0x0000000100000000)
  region size 1024K, 1 young (1024K), 1 survivors (1024K)
 Metaspace       used 66915K, committed 67520K, reserved 1114112K
  class space    used 8876K, committed 9152K, reserved 1048576K
}
Event: 49.856 GC heap before
{Heap before GC invocations=44 (full 0):
 garbage-first heap   total 214016K, used 152972K [0x0000000080000000, 0x0000000100000000)
  region size 1024K, 29 young (29696K), 1 survivors (1024K)
 Metaspace       used 69316K, committed 69952K, reserved 1114112K
  class space    used 9169K, committed 9472K, reserved 1048576K
}
Event: 49.861 GC heap after
{Heap after GC invocations=45 (full 0):
 garbage-first heap   total 214016K, used 127220K [0x0000000080000000, 0x0000000100000000)
  region size 1024K, 3 young (3072K), 3 survivors (3072K)
 Metaspace       used 69316K, committed 69952K, reserved 1114112K
  class space    used 9169K, committed 9472K, reserved 1048576K
}
Event: 50.787 GC heap before
{Heap before GC invocations=46 (full 0):
 garbage-first heap   total 224256K, used 165108K [0x0000000080000000, 0x0000000100000000)
  region size 1024K, 39 young (39936K), 3 survivors (3072K)
 Metaspace       used 73072K, committed 73664K, reserved 1114112K
  class space    used 9673K, committed 9920K, reserved 1048576K
}
Event: 50.795 GC heap after
{Heap after GC invocations=47 (full 0):
 garbage-first heap   total 224256K, used 129062K [0x0000000080000000, 0x0000000100000000)
  region size 1024K, 4 young (4096K), 4 survivors (4096K)
 Metaspace       used 73072K, committed 73664K, reserved 1114112K
  class space    used 9673K, committed 9920K, reserved 1048576K
}
Event: 50.864 GC heap before
{Heap before GC invocations=47 (full 0):
 garbage-first heap   total 224256K, used 134182K [0x0000000080000000, 0x0000000100000000)
  region size 1024K, 10 young (10240K), 4 survivors (4096K)
 Metaspace       used 73206K, committed 73856K, reserved 1114112K
  class space    used 9700K, committed 9984K, reserved 1048576K
}
Event: 50.876 GC heap after
{Heap after GC invocations=48 (full 0):
 garbage-first heap   total 224256K, used 129822K [0x0000000080000000, 0x0000000100000000)
  region size 1024K, 2 young (2048K), 2 survivors (2048K)
 Metaspace       used 73206K, committed 73856K, reserved 1114112K
  class space    used 9700K, committed 9984K, reserved 1048576K
}
Event: 51.793 GC heap before
{Heap before GC invocations=48 (full 0):
 garbage-first heap   total 224256K, used 173854K [0x0000000080000000, 0x0000000100000000)
  region size 1024K, 45 young (46080K), 2 survivors (2048K)
 Metaspace       used 75289K, committed 75904K, reserved 1122304K
  class space    used 10006K, committed 10240K, reserved 1048576K
}
Event: 51.799 GC heap after
{Heap after GC invocations=49 (full 0):
 garbage-first heap   total 224256K, used 132344K [0x0000000080000000, 0x0000000100000000)
  region size 1024K, 4 young (4096K), 4 survivors (4096K)
 Metaspace       used 75289K, committed 75904K, reserved 1122304K
  class space    used 10006K, committed 10240K, reserved 1048576K
}
Event: 53.015 GC heap before
{Heap before GC invocations=50 (full 0):
 garbage-first heap   total 230400K, used 176376K [0x0000000080000000, 0x0000000100000000)
  region size 1024K, 47 young (48128K), 4 survivors (4096K)
 Metaspace       used 80180K, committed 80832K, reserved 1122304K
  class space    used 10882K, committed 11200K, reserved 1048576K
}
Event: 53.024 GC heap after
{Heap after GC invocations=51 (full 0):
 garbage-first heap   total 230400K, used 135223K [0x0000000080000000, 0x0000000100000000)
  region size 1024K, 6 young (6144K), 6 survivors (6144K)
 Metaspace       used 80180K, committed 80832K, reserved 1122304K
  class space    used 10882K, committed 11200K, reserved 1048576K
}
Event: 53.448 GC heap before
{Heap before GC invocations=51 (full 0):
 garbage-first heap   total 230400K, used 145463K [0x0000000080000000, 0x0000000100000000)
  region size 1024K, 17 young (17408K), 6 survivors (6144K)
 Metaspace       used 81587K, committed 82304K, reserved 1122304K
  class space    used 11053K, committed 11328K, reserved 1048576K
}
Event: 53.457 GC heap after
{Heap after GC invocations=52 (full 0):
 garbage-first heap   total 230400K, used 137243K [0x0000000080000000, 0x0000000100000000)
  region size 1024K, 5 young (5120K), 5 survivors (5120K)
 Metaspace       used 81587K, committed 82304K, reserved 1122304K
  class space    used 11053K, committed 11328K, reserved 1048576K
}
Event: 54.750 GC heap before
{Heap before GC invocations=53 (full 0):
 garbage-first heap   total 280576K, used 210971K [0x0000000080000000, 0x0000000100000000)
  region size 1024K, 48 young (49152K), 5 survivors (5120K)
 Metaspace       used 84968K, committed 85632K, reserved 1130496K
  class space    used 11564K, committed 11840K, reserved 1048576K
}
Event: 54.768 GC heap after
{Heap after GC invocations=54 (full 0):
 garbage-first heap   total 280576K, used 174314K [0x0000000080000000, 0x0000000100000000)
  region size 1024K, 6 young (6144K), 6 survivors (6144K)
 Metaspace       used 84968K, committed 85632K, reserved 1130496K
  class space    used 11564K, committed 11840K, reserved 1048576K
}
Event: 55.408 GC heap before
{Heap before GC invocations=54 (full 0):
 garbage-first heap   total 280576K, used 209130K [0x0000000080000000, 0x0000000100000000)
  region size 1024K, 41 young (41984K), 6 survivors (6144K)
 Metaspace       used 87754K, committed 88448K, reserved 1130496K
  class space    used 11929K, committed 12224K, reserved 1048576K
}
Event: 55.416 GC heap after
{Heap after GC invocations=55 (full 0):
 garbage-first heap   total 280576K, used 177438K [0x0000000080000000, 0x0000000100000000)
  region size 1024K, 3 young (3072K), 3 survivors (3072K)
 Metaspace       used 87754K, committed 88448K, reserved 1130496K
  class space    used 11929K, committed 12224K, reserved 1048576K
}

