# JRE version: OpenJDK Runtime Environment (17.0.6) (build 17.0.6+0-b2043.56-9586694)
# Java VM: OpenJDK 64-Bit Server VM (17.0.6+0-b2043.56-9586694, mixed mode, tiered, compressed oops, compressed class ptrs, g1 gc, windows-amd64)
GC Precious Log:
 CPUs: 4 total, 4 available
 Memory: 7990M
 Large Page Support: Disabled
 NUMA Support: Disabled
 Compressed Oops: Enabled (32-bit)
 Heap Region Size: 1M
 Heap Min Capacity: 8M
 Heap Initial Capacity: 126M
 Heap Max Capacity: 2G
 Pre-touch: Disabled
 Parallel Workers: 4
 Concurrent Workers: 1
 Concurrent Refinement Workers: 4
 Periodic GC: Disabled
Heap:
 garbage-first heap   total 317440K, used 201313K [0x0000000080000000, 0x0000000100000000)
  region size 1024K, 13 young (13312K), 6 survivors (6144K)
 Metaspace       used 111988K, committed 112832K, reserved 1146880K
  class space    used 14994K, committed 15360K, reserved 1048576K
GC Heap History (20 events):
Event: 21.983 GC heap before
{Heap before GC invocations=39 (full 0):
 garbage-first heap   total 239616K, used 164479K [0x0000000080000000, 0x0000000100000000)
  region size 1024K, 36 young (36864K), 3 survivors (3072K)
 Metaspace       used 72481K, committed 73088K, reserved 1114112K
  class space    used 9679K, committed 9920K, reserved 1048576K
}
Event: 21.993 GC heap after
{Heap after GC invocations=40 (full 0):
 garbage-first heap   total 239616K, used 127398K [0x0000000080000000, 0x0000000100000000)
  region size 1024K, 5 young (5120K), 5 survivors (5120K)
 Metaspace       used 72481K, committed 73088K, reserved 1114112K
  class space    used 9679K, committed 9920K, reserved 1048576K
}
Event: 22.463 GC heap before
{Heap before GC invocations=40 (full 0):
 garbage-first heap   total 239616K, used 146854K [0x0000000080000000, 0x0000000100000000)
  region size 1024K, 25 young (25600K), 5 survivors (5120K)
 Metaspace       used 74224K, committed 74880K, reserved 1114112K
  class space    used 9884K, committed 10176K, reserved 1048576K
}
Event: 22.474 GC heap after
{Heap after GC invocations=41 (full 0):
 garbage-first heap   total 287744K, used 129356K [0x0000000080000000, 0x0000000100000000)
  region size 1024K, 5 young (5120K), 5 survivors (5120K)
 Metaspace       used 74224K, committed 74880K, reserved 1114112K
  class space    used 9884K, committed 10176K, reserved 1048576K
}
Event: 24.369 GC heap before
{Heap before GC invocations=41 (full 0):
 garbage-first heap   total 287744K, used 205132K [0x0000000080000000, 0x0000000100000000)
  region size 1024K, 78 young (79872K), 5 survivors (5120K)
 Metaspace       used 78810K, committed 79488K, reserved 1122304K
  class space    used 10488K, committed 10816K, reserved 1048576K
}
Event: 24.379 GC heap after
{Heap after GC invocations=42 (full 0):
 garbage-first heap   total 287744K, used 134115K [0x0000000080000000, 0x0000000100000000)
  region size 1024K, 10 young (10240K), 10 survivors (10240K)
 Metaspace       used 78810K, committed 79488K, reserved 1122304K
  class space    used 10488K, committed 10816K, reserved 1048576K
}
Event: 26.554 GC heap before
{Heap before GC invocations=42 (full 0):
 garbage-first heap   total 287744K, used 205795K [0x0000000080000000, 0x0000000100000000)
  region size 1024K, 79 young (80896K), 10 survivors (10240K)
 Metaspace       used 86836K, committed 87488K, reserved 1130496K
  class space    used 11800K, committed 12096K, reserved 1048576K
}
Event: 26.571 GC heap after
{Heap after GC invocations=43 (full 0):
 garbage-first heap   total 287744K, used 142811K [0x0000000080000000, 0x0000000100000000)
  region size 1024K, 13 young (13312K), 13 survivors (13312K)
 Metaspace       used 86836K, committed 87488K, reserved 1130496K
  class space    used 11800K, committed 12096K, reserved 1048576K
}
Event: 30.610 GC heap before
{Heap before GC invocations=44 (full 0):
 garbage-first heap   total 290816K, used 256475K [0x0000000080000000, 0x0000000100000000)
  region size 1024K, 97 young (99328K), 13 survivors (13312K)
 Metaspace       used 95555K, committed 96256K, reserved 1138688K
  class space    used 12991K, committed 13312K, reserved 1048576K
}
Event: 30.645 GC heap after
{Heap after GC invocations=45 (full 0):
 garbage-first heap   total 290816K, used 179136K [0x0000000080000000, 0x0000000100000000)
  region size 1024K, 13 young (13312K), 13 survivors (13312K)
 Metaspace       used 95555K, committed 96256K, reserved 1138688K
  class space    used 12991K, committed 13312K, reserved 1048576K
}
Event: 30.675 GC heap before
{Heap before GC invocations=45 (full 0):
 garbage-first heap   total 290816K, used 180160K [0x0000000080000000, 0x0000000100000000)
  region size 1024K, 14 young (14336K), 13 survivors (13312K)
 Metaspace       used 95697K, committed 96320K, reserved 1138688K
  class space    used 13014K, committed 13312K, reserved 1048576K
}
Event: 30.694 GC heap after
{Heap after GC invocations=46 (full 0):
 garbage-first heap   total 290816K, used 180569K [0x0000000080000000, 0x0000000100000000)
  region size 1024K, 1 young (1024K), 1 survivors (1024K)
 Metaspace       used 95697K, committed 96320K, reserved 1138688K
  class space    used 13014K, committed 13312K, reserved 1048576K
}
Event: 33.071 GC heap before
{Heap before GC invocations=46 (full 0):
 garbage-first heap   total 290816K, used 238937K [0x0000000080000000, 0x0000000100000000)
  region size 1024K, 59 young (60416K), 1 survivors (1024K)
 Metaspace       used 103345K, committed 104064K, reserved 1146880K
  class space    used 13946K, committed 14272K, reserved 1048576K
}
Event: 33.088 GC heap after
{Heap after GC invocations=47 (full 0):
 garbage-first heap   total 290816K, used 184900K [0x0000000080000000, 0x0000000100000000)
  region size 1024K, 6 young (6144K), 6 survivors (6144K)
 Metaspace       used 103345K, committed 104064K, reserved 1146880K
  class space    used 13946K, committed 14272K, reserved 1048576K
}
Event: 35.574 GC heap before
{Heap before GC invocations=48 (full 0):
 garbage-first heap   total 317440K, used 239172K [0x0000000080000000, 0x0000000100000000)
  region size 1024K, 60 young (61440K), 6 survivors (6144K)
 Metaspace       used 104307K, committed 105024K, reserved 1146880K
  class space    used 14018K, committed 14336K, reserved 1048576K
}
Event: 35.591 GC heap after
{Heap after GC invocations=49 (full 0):
 garbage-first heap   total 317440K, used 189472K [0x0000000080000000, 0x0000000100000000)
  region size 1024K, 5 young (5120K), 5 survivors (5120K)
 Metaspace       used 104307K, committed 105024K, reserved 1146880K
  class space    used 14018K, committed 14336K, reserved 1048576K
}
Event: 35.941 GC heap before
{Heap before GC invocations=49 (full 0):
 garbage-first heap   total 317440K, used 198688K [0x0000000080000000, 0x0000000100000000)
  region size 1024K, 15 young (15360K), 5 survivors (5120K)
 Metaspace       used 104807K, committed 105600K, reserved 1146880K
  class space    used 14060K, committed 14400K, reserved 1048576K
}
Event: 35.948 GC heap after
{Heap after GC invocations=50 (full 0):
 garbage-first heap   total 317440K, used 190504K [0x0000000080000000, 0x0000000100000000)
  region size 1024K, 2 young (2048K), 2 survivors (2048K)
 Metaspace       used 104807K, committed 105600K, reserved 1146880K
  class space    used 14060K, committed 14400K, reserved 1048576K
}
Event: 37.924 GC heap before
{Heap before GC invocations=50 (full 0):
 garbage-first heap   total 317440K, used 265256K [0x0000000080000000, 0x0000000100000000)
  region size 1024K, 75 young (76800K), 2 survivors (2048K)
 Metaspace       used 111581K, committed 112384K, reserved 1146880K
  class space    used 14953K, committed 15296K, reserved 1048576K
}
Event: 37.936 GC heap after
{Heap after GC invocations=51 (full 0):
 garbage-first heap   total 317440K, used 195169K [0x0000000080000000, 0x0000000100000000)
  region size 1024K, 6 young (6144K), 6 survivors (6144K)
 Metaspace       used 111581K, committed 112384K, reserved 1146880K
  class space    used 14953K, committed 15296K, reserved 1048576K
}

