# JRE version: OpenJDK Runtime Environment (17.0.6) (build 17.0.6+0-b2043.56-9586694)
# Java VM: OpenJDK 64-Bit Server VM (17.0.6+0-b2043.56-9586694, mixed mode, tiered, compressed oops, compressed class ptrs, g1 gc, windows-amd64)
GC Precious Log:
 CPUs: 4 total, 4 available
 Memory: 7990M
 Large Page Support: Disabled
 NUMA Support: Disabled
 Compressed Oops: Enabled (32-bit)
 Heap Region Size: 1M
 Heap Min Capacity: 8M
 Heap Initial Capacity: 126M
 Heap Max Capacity: 2G
 Pre-touch: Disabled
 Parallel Workers: 4
 Concurrent Workers: 1
 Concurrent Refinement Workers: 4
 Periodic GC: Disabled
Heap:
 garbage-first heap   total 306176K, used 182175K [0x0000000080000000, 0x0000000100000000)
  region size 1024K, 9 young (9216K), 4 survivors (4096K)
 Metaspace       used 93347K, committed 94080K, reserved 1130496K
  class space    used 12636K, committed 12992K, reserved 1048576K
GC Heap History (20 events):
Event: 15.947 GC heap before
{Heap before GC invocations=37 (full 0):
 garbage-first heap   total 239616K, used 165151K [0x0000000080000000, 0x0000000100000000)
  region size 1024K, 38 young (38912K), 3 survivors (3072K)
 Metaspace       used 67724K, committed 68352K, reserved 1114112K
  class space    used 8980K, committed 9280K, reserved 1048576K
}
Event: 15.958 GC heap after
{Heap after GC invocations=38 (full 0):
 garbage-first heap   total 239616K, used 126541K [0x0000000080000000, 0x0000000100000000)
  region size 1024K, 4 young (4096K), 4 survivors (4096K)
 Metaspace       used 67724K, committed 68352K, reserved 1114112K
  class space    used 8980K, committed 9280K, reserved 1048576K
}
Event: 16.045 GC heap before
{Heap before GC invocations=38 (full 0):
 garbage-first heap   total 239616K, used 133709K [0x0000000080000000, 0x0000000100000000)
  region size 1024K, 11 young (11264K), 4 survivors (4096K)
 Metaspace       used 68023K, committed 68672K, reserved 1114112K
  class space    used 9019K, committed 9344K, reserved 1048576K
}
Event: 16.051 GC heap after
{Heap after GC invocations=39 (full 0):
 garbage-first heap   total 239616K, used 127689K [0x0000000080000000, 0x0000000100000000)
  region size 1024K, 2 young (2048K), 2 survivors (2048K)
 Metaspace       used 68023K, committed 68672K, reserved 1114112K
  class space    used 9019K, committed 9344K, reserved 1048576K
}
Event: 16.296 GC heap before
{Heap before GC invocations=39 (full 0):
 garbage-first heap   total 239616K, used 137929K [0x0000000080000000, 0x0000000100000000)
  region size 1024K, 13 young (13312K), 2 survivors (2048K)
 Metaspace       used 69308K, committed 69952K, reserved 1114112K
  class space    used 9167K, committed 9472K, reserved 1048576K
}
Event: 16.299 GC heap after
{Heap after GC invocations=40 (full 0):
 garbage-first heap   total 239616K, used 128081K [0x0000000080000000, 0x0000000100000000)
  region size 1024K, 2 young (2048K), 2 survivors (2048K)
 Metaspace       used 69308K, committed 69952K, reserved 1114112K
  class space    used 9167K, committed 9472K, reserved 1048576K
}
Event: 17.504 GC heap before
{Heap before GC invocations=41 (full 0):
 garbage-first heap   total 239616K, used 183377K [0x0000000080000000, 0x0000000100000000)
  region size 1024K, 55 young (56320K), 2 survivors (2048K)
 Metaspace       used 73211K, committed 73856K, reserved 1114112K
  class space    used 9698K, committed 9984K, reserved 1048576K
}
Event: 17.511 GC heap after
{Heap after GC invocations=42 (full 0):
 garbage-first heap   total 239616K, used 131276K [0x0000000080000000, 0x0000000100000000)
  region size 1024K, 5 young (5120K), 5 survivors (5120K)
 Metaspace       used 73211K, committed 73856K, reserved 1114112K
  class space    used 9698K, committed 9984K, reserved 1048576K
}
Event: 17.547 GC heap before
{Heap before GC invocations=42 (full 0):
 garbage-first heap   total 239616K, used 137420K [0x0000000080000000, 0x0000000100000000)
  region size 1024K, 11 young (11264K), 5 survivors (5120K)
 Metaspace       used 73234K, committed 73856K, reserved 1114112K
  class space    used 9700K, committed 9984K, reserved 1048576K
}
Event: 17.555 GC heap after
{Heap after GC invocations=43 (full 0):
 garbage-first heap   total 239616K, used 131780K [0x0000000080000000, 0x0000000100000000)
  region size 1024K, 1 young (1024K), 1 survivors (1024K)
 Metaspace       used 73234K, committed 73856K, reserved 1114112K
  class space    used 9700K, committed 9984K, reserved 1048576K
}
Event: 19.109 GC heap before
{Heap before GC invocations=43 (full 0):
 garbage-first heap   total 239616K, used 193220K [0x0000000080000000, 0x0000000100000000)
  region size 1024K, 61 young (62464K), 1 survivors (1024K)
 Metaspace       used 79401K, committed 80000K, reserved 1122304K
  class space    used 10756K, committed 11008K, reserved 1048576K
}
Event: 19.116 GC heap after
{Heap after GC invocations=44 (full 0):
 garbage-first heap   total 239616K, used 135223K [0x0000000080000000, 0x0000000100000000)
  region size 1024K, 5 young (5120K), 5 survivors (5120K)
 Metaspace       used 79401K, committed 80000K, reserved 1122304K
  class space    used 10756K, committed 11008K, reserved 1048576K
}
Event: 20.705 GC heap before
{Heap before GC invocations=45 (full 0):
 garbage-first heap   total 239616K, used 222263K [0x0000000080000000, 0x0000000100000000)
  region size 1024K, 63 young (64512K), 5 survivors (5120K)
 Metaspace       used 84534K, committed 85248K, reserved 1130496K
  class space    used 11508K, committed 11840K, reserved 1048576K
}
Event: 20.721 GC heap after
{Heap after GC invocations=46 (full 0):
 garbage-first heap   total 239616K, used 174285K [0x0000000080000000, 0x0000000100000000)
  region size 1024K, 8 young (8192K), 8 survivors (8192K)
 Metaspace       used 84534K, committed 85248K, reserved 1130496K
  class space    used 11508K, committed 11840K, reserved 1048576K
}
Event: 20.742 GC heap before
{Heap before GC invocations=46 (full 0):
 garbage-first heap   total 239616K, used 176333K [0x0000000080000000, 0x0000000100000000)
  region size 1024K, 11 young (11264K), 8 survivors (8192K)
 Metaspace       used 84738K, committed 85376K, reserved 1130496K
  class space    used 11542K, committed 11840K, reserved 1048576K
}
Event: 20.753 GC heap after
{Heap after GC invocations=47 (full 0):
 garbage-first heap   total 239616K, used 175226K [0x0000000080000000, 0x0000000100000000)
  region size 1024K, 1 young (1024K), 1 survivors (1024K)
 Metaspace       used 84738K, committed 85376K, reserved 1130496K
  class space    used 11542K, committed 11840K, reserved 1048576K
}
Event: 21.195 GC heap before
{Heap before GC invocations=47 (full 0):
 garbage-first heap   total 239616K, used 203898K [0x0000000080000000, 0x0000000100000000)
  region size 1024K, 30 young (30720K), 1 survivors (1024K)
 Metaspace       used 86223K, committed 86912K, reserved 1130496K
  class space    used 11757K, committed 12096K, reserved 1048576K
}
Event: 21.201 GC heap after
{Heap after GC invocations=48 (full 0):
 garbage-first heap   total 239616K, used 176791K [0x0000000080000000, 0x0000000100000000)
  region size 1024K, 3 young (3072K), 3 survivors (3072K)
 Metaspace       used 86223K, committed 86912K, reserved 1130496K
  class space    used 11757K, committed 12096K, reserved 1048576K
}
Event: 22.328 GC heap before
{Heap before GC invocations=49 (full 0):
 garbage-first heap   total 306176K, used 205463K [0x0000000080000000, 0x0000000100000000)
  region size 1024K, 31 young (31744K), 3 survivors (3072K)
 Metaspace       used 91810K, committed 92608K, reserved 1130496K
  class space    used 12466K, committed 12864K, reserved 1048576K
}
Event: 22.337 GC heap after
{Heap after GC invocations=50 (full 0):
 garbage-first heap   total 306176K, used 178079K [0x0000000080000000, 0x0000000100000000)
  region size 1024K, 4 young (4096K), 4 survivors (4096K)
 Metaspace       used 91810K, committed 92608K, reserved 1130496K
  class space    used 12466K, committed 12864K, reserved 1048576K
}

